{'fatalError': False,
 'maxTotalPoints': 21,
 'messages': [],
 'mode': 'auto',
 'parts': [{'description': '',
            'extraCredit': False,
            'maxPoints': 1,
            'maxSeconds': 1,
            'messages': [],
            'name': 'writeupValid',
            'points': 1,
            'seconds': 0},
           {'description': 'Basic test for create_chain_csp',
            'extraCredit': False,
            'maxPoints': 1,
            'maxSeconds': 1,
            'messages': [],
            'name': '0c-1',
            'points': 1,
            'seconds': 0},
           {'description': 'Basic test for create_nqueens_csp for n=8',
            'extraCredit': False,
            'maxPoints': 2,
            'maxSeconds': 1,
            'messages': [],
            'name': '1a-0',
            'points': 2,
            'seconds': 0},
           {'description': 'Basic test for MCV with n-queens CSP',
            'extraCredit': False,
            'maxPoints': 2,
            'maxSeconds': 1,
            'messages': [],
            'name': '1b-0',
            'points': 2,
            'seconds': 0},
           {'description': 'Basic test for AC-3 with n-queens CSP',
            'extraCredit': False,
            'maxPoints': 2,
            'maxSeconds': 1,
            'messages': [],
            'name': '1c-0',
            'points': 2,
            'seconds': 0},
           {'description': 'Basic test for MCV+AC-3 with n-queens CSP',
            'extraCredit': False,
            'maxPoints': 3,
            'maxSeconds': 1,
            'messages': [],
            'name': '1c-1',
            'points': 3,
            'seconds': 0},
           {'description': 'Basic test for get_sum_variable',
            'extraCredit': False,
            'maxPoints': 2,
            'maxSeconds': 1,
            'messages': [],
            'name': '2b-0',
            'points': 2,
            'seconds': 0},
           {'description': 'Basic test for add_quarter_constraints',
            'extraCredit': False,
            'maxPoints': 2,
            'maxSeconds': 1,
            'messages': [],
            'name': '3a-0',
            'points': 2,
            'seconds': 0},
           {'description': 'Basic test for add_request_weights',
            'extraCredit': False,
            'maxPoints': 2,
            'maxSeconds': 1,
            'messages': [],
            'name': '3b-0',
            'points': 2,
            'seconds': 0},
           {'description': 'Basic test for add_unit_constraints',
            'extraCredit': False,
            'maxPoints': 3,
            'maxSeconds': 1,
            'messages': [],
            'name': '3c-0',
            'points': 3,
            'seconds': 0},
           {'description': '',
            'extraCredit': False,
            'maxPoints': 1,
            'maxSeconds': 1,
            'messages': ['profile.txt is not valid'],
            'name': 'profile.txt',
            'points': 0,
            'seconds': 0}],
 'totalPoints': 20}
